Found ttt2.c
Compiling
Found ttt2.o
Compilation succeeded
Compiling and linking gradeA7_init
Found gradeA7_init
Compilation succeeded
init 1 passed
init 2 passed
init 3 passed
init 4 passed
Compiling and linking gradeA7_turn
Found gradeA7_turn
Compilation succeeded
turn 1 passed
turn 2 passed
turn 3 passed
turn 4 passed
Compiling and linking gradeA7_depth
Found gradeA7_depth
Compilation succeeded
depth 1 passed
depth 2 passed
depth 3 passed
depth 4 passed
dpeth 5 passed
depth 6 passed
depth 7 passed
depth 8 passed
Compiling and linking gradeA7_board
Found gradeA7_board
Compilation succeeded
board 0 passed
board 162 passed
board 163 passed
board 649 passed
board 676 passed
board 2134 passed
board 2143 passed
board 2149 passed
Compiling and linking gradeA7_winner
Found gradeA7_winner
Compilation succeeded
winner 1 passed
winner 2 passed
winner 3 passed
winner 4 passed
winner 5 passed
winner 6 passed
winner 7 passed
winner 8 passed
Compiling and linking gradeA7_moves
Found gradeA7_moves
Compilation succeeded
moves 1 passed
moves 2 passed
moves 3 passed
moves 4 passed
moves 5 passed
moves 6 passed
moves 7 passed
moves 8 passed
moves 9 passed
moves 10 passed
moves 11 passed
moves 12 passed
moves 13 passed
moves 14 passed
moves 15 passed
moves 16 passed
Compiling and linking gradeA7_score
Missing gradeA7_score
Compilation generated errors:
/usr/bin/ld: /tmp/ccHimLQ3.o: in function `test1':
gradeA7_score.c:(.text+0x6b): undefined reference to `compute_score'
/usr/bin/ld: /tmp/ccHimLQ3.o: in function `test2':
gradeA7_score.c:(.text+0xf6): undefined reference to `compute_score'
/usr/bin/ld: /tmp/ccHimLQ3.o: in function `test3':
gradeA7_score.c:(.text+0x181): undefined reference to `compute_score'
/usr/bin/ld: /tmp/ccHimLQ3.o: in function `test4':
gradeA7_score.c:(.text+0x20c): undefined reference to `compute_score'
/usr/bin/ld: /tmp/ccHimLQ3.o: in function `test5':
gradeA7_score.c:(.text+0x297): undefined reference to `compute_score'
/usr/bin/ld: /tmp/ccHimLQ3.o:gradeA7_score.c:(.text+0x322): more undefined references to `compute_score' follow
collect2: error: ld returned 1 exit status

score 1 failed
  ERROR: sh: 1: ./gradeA7_score: not found
  ''!='1\n'
score 2 failed
  ERROR: sh: 1: ./gradeA7_score: not found
  ''!='-1\n'
score 3 failed
  ERROR: sh: 1: ./gradeA7_score: not found
  ''!='0\n'
score 4 failed
  ERROR: sh: 1: ./gradeA7_score: not found
  ''!='-1\n'
score 5 failed
  ERROR: sh: 1: ./gradeA7_score: not found
  ''!='1\n'
score 6 failed
  ERROR: sh: 1: ./gradeA7_score: not found
  ''!='0\n'
score 7 failed
  ERROR: sh: 1: ./gradeA7_score: not found
  ''!='-1\n'
score 8 failed
  ERROR: sh: 1: ./gradeA7_score: not found
  ''!='1\n'
Compiling and linking gradeA7_alphatoe
Missing gradeA7_alphatoe
Compilation generated errors:
/usr/bin/ld: /tmp/ccROJpv8.o: in function `test1':
gradeA7_alphatoe.c:(.text+0x30): undefined reference to `compute_score'
/usr/bin/ld: gradeA7_alphatoe.c:(.text+0x43): undefined reference to `best_move'
/usr/bin/ld: /tmp/ccROJpv8.o: in function `test2':
gradeA7_alphatoe.c:(.text+0xa2): undefined reference to `compute_score'
/usr/bin/ld: gradeA7_alphatoe.c:(.text+0xb5): undefined reference to `best_move'
/usr/bin/ld: /tmp/ccROJpv8.o: in function `test3':
gradeA7_alphatoe.c:(.text+0x10e): undefined reference to `compute_score'
/usr/bin/ld: gradeA7_alphatoe.c:(.text+0x121): undefined reference to `best_move'
/usr/bin/ld: /tmp/ccROJpv8.o: in function `test4':
gradeA7_alphatoe.c:(.text+0x17c): undefined reference to `compute_score'
/usr/bin/ld: gradeA7_alphatoe.c:(.text+0x18f): undefined reference to `best_move'
/usr/bin/ld: /tmp/ccROJpv8.o: in function `test5':
gradeA7_alphatoe.c:(.text+0x1e8): undefined reference to `compute_score'
/usr/bin/ld: gradeA7_alphatoe.c:(.text+0x1fb): undefined reference to `best_move'
collect2: error: ld returned 1 exit status

alphatoe 1 failed
  ERROR: sh: 1: ./gradeA7_alphatoe: not found
  ''!='Good move!\n'
alphatoe 2 failed
  ERROR: sh: 1: ./gradeA7_alphatoe: not found
  ''!='Good move!\n'
alphatoe 3 failed
  ERROR: sh: 1: ./gradeA7_alphatoe: not found
  ''!='Good move!\n'
alphatoe 4 failed
  ERROR: sh: 1: ./gradeA7_alphatoe: not found
  ''!='Good move!\n'
alphatoe 5 failed
  ERROR: sh: 1: ./gradeA7_alphatoe: not found
  ''!='Good move!\n'
Found makefile
Correct options
Comments
Indentation levels are: ['', '    ', '        ', '            ', '                ', '                  ', '                    ']
Assignment submitted by Gavin Nodwell <gnodwell@uoguelph.ca> at: Thu Nov 26 15:11:01 2020
